nohup: ignoring input

> backend@1.0.0 start
> node server.js

[dotenv@17.3.1] injecting env (6) from .env -- tip: ⚙️  load multiple .env files with { path: ['.env.local', '.env'] }
  [Observer] Đã đăng ký observer cho sự kiện: newSensorData
  [LatestDataCache] Observer đã sẵn sàng
  [Observer] Đã đăng ký observer cho sự kiện: newSensorData
  [DatabaseLogger] Observer đã sẵn sàng
  [Observer] Đã đăng ký observer cho sự kiện: newSensorData
  [AlertSystem] Observer đã sẵn sàng

🚀 Server Express đang chạy tại http://localhost:3000

📋 API Endpoints:
   [Auth]       POST       http://localhost:3000/api/v1/auth/login
   [Auth]       POST       http://localhost:3000/api/v1/auth/register
   [Auth]       GET        http://localhost:3000/api/v1/auth/me
   [Users]      CRUD       http://localhost:3000/api/v1/users
   [Devices]    CRUD       http://localhost:3000/api/v1/devices
   [Sensors]    GET        http://localhost:3000/api/v1/sensors/latest
   [Sensors]    GET        http://localhost:3000/api/v1/sensors/history
   [Alerts]     GET        http://localhost:3000/api/v1/alerts/active
   [Thresholds] GET/PUT    http://localhost:3000/api/v1/thresholds
   [Logs]       GET        http://localhost:3000/api/v1/logs
   [Legacy]     GET        http://localhost:3000/api/iot-data
   [Legacy]     POST       http://localhost:3000/api/iot-control

✅ [MQTTClient Singleton] Đã kết nối tới Adafruit MQTT broker
✅ Đã kết nối thành công tới Adafruit MQTT broker
  📡 Đang lắng nghe feed: fan
  📡 Đang lắng nghe feed: humid
  📡 Đang lắng nghe feed: ledred
  📡 Đang lắng nghe feed: ledrgb
  📡 Đang lắng nghe feed: light
  📡 Đang lắng nghe feed: servo
  📡 Đang lắng nghe feed: temp
❌ Lỗi kết nối tới MongoDB:  MongooseServerSelectionError: connect ECONNREFUSED 127.0.0.1:27017
    at _handleConnectionErrors (/home/m1nhph4n/hk252/DADN/backend/node_modules/mongoose/lib/connection.js:1168:11)
    at NativeConnection.openUri (/home/m1nhph4n/hk252/DADN/backend/node_modules/mongoose/lib/connection.js:1099:11)
    at async connectDB (file:///home/m1nhph4n/hk252/DADN/backend/src/db/connect.js:6:5) {
  errorLabelSet: Set(0) {},
  reason: TopologyDescription {
    type: 'Unknown',
    servers: Map(1) { 'localhost:27017' => [ServerDescription] },
    stale: false,
    compatible: true,
    heartbeatFrequencyMS: 10000,
    localThresholdMS: 15,
    setName: null,
    maxElectionId: null,
    maxSetVersion: null,
    commonWireVersion: 0,
    logicalSessionTimeoutMinutes: null
  },
  code: undefined,
  cause: TopologyDescription {
    type: 'Unknown',
    servers: Map(1) { 'localhost:27017' => [ServerDescription] },
    stale: false,
    compatible: true,
    heartbeatFrequencyMS: 10000,
    localThresholdMS: 15,
    setName: null,
    maxElectionId: null,
    maxSetVersion: null,
    commonWireVersion: 0,
    logicalSessionTimeoutMinutes: null
  }
}
[0mGET /api-d%C3%B3c [33m404[0m 3.806 ms - 151[0m
[0mGET /api-docs [36m301[0m 3.314 ms - 158[0m
[0mGET /api-docs/ [32m200[0m 3.984 ms - 3106[0m
[0mGET /api-docs/swagger-ui.css [32m200[0m 4.414 ms - 178977[0m
[0mGET /api-docs/swagger-ui-init.js [32m200[0m 0.628 ms - 25101[0m
[0mGET /api-docs/swagger-ui-standalone-preset.js [32m200[0m 3.655 ms - 251800[0m
[0mGET /api-docs/swagger-ui-bundle.js [32m200[0m 3.718 ms - 1526918[0m
[0mGET /api-docs/favicon-32x32.png [32m200[0m 1.273 ms - 628[0m
[0mGET /api-docs/ [36m304[0m 1.858 ms - -[0m
[0mGET /api-docs/swagger-ui.css [36m304[0m 0.982 ms - -[0m
[0mGET /api-docs/swagger-ui-bundle.js [36m304[0m 1.032 ms - -[0m
[0mGET /api-docs/swagger-ui-standalone-preset.js [36m304[0m 0.441 ms - -[0m
[0mGET /api-docs/swagger-ui-init.js [36m304[0m 1.061 ms - -[0m
[0mGET /api-docs/favicon-32x32.png [36m304[0m 0.824 ms - -[0m
